{"error":"Refresh token is either invalid, blacklisted, or expired","level":"error","message":"Error authenticating token","service":"user-service","timestamp":"2024-12-29 11:38:05"}
{"error":{"expiredAt":"1970-01-11T10:00:00.000Z","message":"jwt expired","name":"TokenExpiredError"},"level":"error","message":"Error verifying token","service":"user-service","timestamp":"2024-12-29 22:51:00"}
{"error":{"expiredAt":"1989-03-02T00:00:00.000Z","message":"jwt expired","name":"TokenExpiredError"},"level":"error","message":"Error verifying token","service":"user-service","timestamp":"2024-12-29 22:51:00"}
{"error":"Invalid or expired refresh token","level":"error","message":"Error authenticating token","service":"user-service","timestamp":"2024-12-29 22:51:00"}
{"error":{},"level":"error","message":"Error resetting password:","service":"user-service","timestamp":"2024-12-30 13:37:10"}
{"error":{},"level":"error","message":"Error resetting password:","service":"user-service","timestamp":"2024-12-30 13:40:08"}
{"error":{"expiredAt":"1970-01-11T10:00:00.000Z","message":"jwt expired","name":"TokenExpiredError"},"level":"error","message":"Error verifying token","service":"user-service","timestamp":"2025-01-01 15:18:13"}
{"error":{"expiredAt":"1989-03-02T00:00:00.000Z","message":"jwt expired","name":"TokenExpiredError"},"level":"error","message":"Error verifying token","service":"user-service","timestamp":"2025-01-01 15:18:14"}
{"error":"Invalid or expired refresh token","level":"error","message":"Error authenticating token","service":"user-service","timestamp":"2025-01-01 15:18:14"}
{"error":{"expiredAt":"1970-01-11T10:00:00.000Z","message":"jwt expired","name":"TokenExpiredError"},"level":"error","message":"Error verifying token","service":"user-service","timestamp":"2025-01-01 15:18:14"}
{"error":{"expiredAt":"1989-03-02T00:00:00.000Z","message":"jwt expired","name":"TokenExpiredError"},"level":"error","message":"Error verifying token","service":"user-service","timestamp":"2025-01-01 15:18:14"}
{"error":"Invalid or expired refresh token","level":"error","message":"Error authenticating token","service":"user-service","timestamp":"2025-01-01 15:18:14"}
{"error":{"expiredAt":"1970-01-11T10:00:00.000Z","message":"jwt expired","name":"TokenExpiredError"},"level":"error","message":"Error verifying token","service":"user-service","timestamp":"2025-01-01 15:20:14"}
{"error":{"expiredAt":"1989-03-02T00:00:00.000Z","message":"jwt expired","name":"TokenExpiredError"},"level":"error","message":"Error verifying token","service":"user-service","timestamp":"2025-01-01 15:20:14"}
{"error":"Invalid or expired refresh token","level":"error","message":"Error authenticating token","service":"user-service","timestamp":"2025-01-01 15:20:14"}
{"error":{},"level":"error","message":"OTP Verification Error:","service":"user-service","timestamp":"2025-01-01 15:34:07"}
{"error":{},"level":"error","message":"OTP Verification Error:","service":"user-service","timestamp":"2025-01-01 15:35:51"}
{"error":{"expiredAt":"1970-01-11T10:00:00.000Z","message":"jwt expired","name":"TokenExpiredError"},"level":"error","message":"Error verifying token","service":"user-service","timestamp":"2025-01-01 15:40:16"}
{"error":{"expiredAt":"1989-03-02T00:00:00.000Z","message":"jwt expired","name":"TokenExpiredError"},"level":"error","message":"Error verifying token","service":"user-service","timestamp":"2025-01-01 15:40:16"}
{"error":"Invalid or expired refresh token","level":"error","message":"Error authenticating token","service":"user-service","timestamp":"2025-01-01 15:40:16"}
{"error":{"expiredAt":"1970-01-11T10:00:00.000Z","message":"jwt expired","name":"TokenExpiredError"},"level":"error","message":"Error verifying token","service":"user-service","timestamp":"2025-01-01 15:44:08"}
{"error":{"expiredAt":"1989-03-02T00:00:00.000Z","message":"jwt expired","name":"TokenExpiredError"},"level":"error","message":"Error verifying token","service":"user-service","timestamp":"2025-01-01 15:44:09"}
{"error":"Invalid or expired refresh token","level":"error","message":"Error authenticating token","service":"user-service","timestamp":"2025-01-01 15:44:09"}
{"error":{"expiredAt":"1970-01-11T10:00:00.000Z","message":"jwt expired","name":"TokenExpiredError"},"level":"error","message":"Error verifying token","service":"user-service","timestamp":"2025-01-01 15:54:00"}
{"error":{"expiredAt":"1989-03-02T00:00:00.000Z","message":"jwt expired","name":"TokenExpiredError"},"level":"error","message":"Error verifying token","service":"user-service","timestamp":"2025-01-01 15:54:00"}
{"error":"Invalid or expired refresh token","level":"error","message":"Error authenticating token","service":"user-service","timestamp":"2025-01-01 15:54:00"}
{"error":{"expiredAt":"1970-01-11T10:00:00.000Z","message":"jwt expired","name":"TokenExpiredError"},"level":"error","message":"Error verifying token","service":"user-service","timestamp":"2025-01-01 15:57:10"}
{"error":{"expiredAt":"1989-03-02T00:00:00.000Z","message":"jwt expired","name":"TokenExpiredError"},"level":"error","message":"Error verifying token","service":"user-service","timestamp":"2025-01-01 15:57:10"}
{"error":"Invalid or expired refresh token","level":"error","message":"Error authenticating token","service":"user-service","timestamp":"2025-01-01 15:57:10"}
{"error":{"expiredAt":"1970-01-11T10:00:00.000Z","message":"jwt expired","name":"TokenExpiredError"},"level":"error","message":"Error verifying token","service":"user-service","timestamp":"2025-01-01 16:04:55"}
{"error":{"expiredAt":"1989-03-02T00:00:00.000Z","message":"jwt expired","name":"TokenExpiredError"},"level":"error","message":"Error verifying token","service":"user-service","timestamp":"2025-01-01 16:04:55"}
{"error":"Invalid or expired refresh token","level":"error","message":"Error authenticating token","service":"user-service","timestamp":"2025-01-01 16:04:55"}
{"error":{"expiredAt":"1970-01-11T10:00:00.000Z","message":"jwt expired","name":"TokenExpiredError"},"level":"error","message":"Error verifying token","service":"user-service","timestamp":"2025-01-01 16:13:35"}
{"error":{"expiredAt":"2025-01-01T14:52:30.000Z","message":"jwt expired","name":"TokenExpiredError"},"level":"error","message":"Error verifying token","service":"user-service","timestamp":"2025-01-01 20:00:03"}
{"error":{},"level":"error","message":"Error fetching user profile:","service":"user-service","timestamp":"2025-01-01 20:00:04"}
{"error":{"expiredAt":"2025-01-01T14:52:30.000Z","message":"jwt expired","name":"TokenExpiredError"},"level":"error","message":"Error verifying token","service":"user-service","timestamp":"2025-01-01 20:00:04"}
{"error":"Invalid or expired refresh token.","level":"error","message":"Error authenticating token","service":"user-service","timestamp":"2025-01-01 20:00:04"}
{"error":{"expiredAt":"2025-01-01T15:15:04.000Z","message":"jwt expired","name":"TokenExpiredError"},"level":"error","message":"Error verifying token","service":"user-service","timestamp":"2025-01-01 20:23:12"}
{"error":{},"level":"error","message":"Error fetching user profile:","service":"user-service","timestamp":"2025-01-01 20:23:13"}
{"error":{"expiredAt":"2025-01-01T15:38:13.000Z","message":"jwt expired","name":"TokenExpiredError"},"level":"error","message":"Error verifying token","service":"user-service","timestamp":"2025-01-01 20:38:52"}
{"error":{},"level":"error","message":"Error fetching user profile:","service":"user-service","timestamp":"2025-01-01 20:38:52"}
{"error":{"expiredAt":"2025-01-01T15:59:31.000Z","message":"jwt expired","name":"TokenExpiredError"},"level":"error","message":"Error verifying token","service":"user-service","timestamp":"2025-01-01 21:00:27"}
{"error":{},"level":"error","message":"Error fetching user profile:","service":"user-service","timestamp":"2025-01-01 21:00:27"}
{"error":{"expiredAt":"2025-01-01T16:23:57.000Z","message":"jwt expired","name":"TokenExpiredError"},"level":"error","message":"Error verifying token","service":"user-service","timestamp":"2025-01-01 21:49:38"}
{"error":{},"level":"error","message":"Error fetching user profile:","service":"user-service","timestamp":"2025-01-01 21:49:38"}
{"error":{"expiredAt":"2025-01-01T16:23:57.000Z","message":"jwt expired","name":"TokenExpiredError"},"level":"error","message":"Error verifying token","service":"user-service","timestamp":"2025-01-01 21:49:38"}
{"error":"Invalid or expired refresh token.","level":"error","message":"Error authenticating token","service":"user-service","timestamp":"2025-01-01 21:49:38"}
{"error":{"expiredAt":"2025-01-01T17:18:58.000Z","message":"jwt expired","name":"TokenExpiredError"},"level":"error","message":"Error verifying token","service":"user-service","timestamp":"2025-01-02 08:19:52"}
{"error":{},"level":"error","message":"Error fetching user profile:","service":"user-service","timestamp":"2025-01-02 08:19:52"}
{"error":{"expiredAt":"2025-01-01T17:18:58.000Z","message":"jwt expired","name":"TokenExpiredError"},"level":"error","message":"Error verifying token","service":"user-service","timestamp":"2025-01-02 08:19:52"}
{"error":"Invalid or expired refresh token.","level":"error","message":"Error authenticating token","service":"user-service","timestamp":"2025-01-02 08:19:52"}
{"error":{"expiredAt":"2025-01-02T03:55:47.000Z","message":"jwt expired","name":"TokenExpiredError"},"level":"error","message":"Error verifying token","service":"user-service","timestamp":"2025-01-02 09:54:23"}
{"error":{},"level":"error","message":"Error fetching user profile:","service":"user-service","timestamp":"2025-01-02 09:54:24"}
{"error":{"expiredAt":"2025-01-02T03:55:47.000Z","message":"jwt expired","name":"TokenExpiredError"},"level":"error","message":"Error verifying token","service":"user-service","timestamp":"2025-01-02 09:54:24"}
{"error":"Invalid or expired refresh token.","level":"error","message":"Error authenticating token","service":"user-service","timestamp":"2025-01-02 09:54:24"}
{"error":{"expiredAt":"2025-01-02T05:09:24.000Z","message":"jwt expired","name":"TokenExpiredError"},"level":"error","message":"Error verifying token","service":"user-service","timestamp":"2025-01-02 12:29:04"}
{"error":{},"level":"error","message":"Error fetching user profile:","service":"user-service","timestamp":"2025-01-02 12:29:04"}
{"error":{"expiredAt":"2025-01-02T05:09:24.000Z","message":"jwt expired","name":"TokenExpiredError"},"level":"error","message":"Error verifying token","service":"user-service","timestamp":"2025-01-02 12:29:04"}
{"error":"Invalid or expired refresh token.","level":"error","message":"Error authenticating token","service":"user-service","timestamp":"2025-01-02 12:29:04"}
{"error":{"expiredAt":"2025-01-02T07:51:57.000Z","message":"jwt expired","name":"TokenExpiredError"},"level":"error","message":"Error verifying token","service":"user-service","timestamp":"2025-01-02 13:02:26"}
{"error":{},"level":"error","message":"Error fetching user profile:","service":"user-service","timestamp":"2025-01-02 13:02:26"}
{"error":{"expiredAt":"2025-01-02T08:30:45.000Z","message":"jwt expired","name":"TokenExpiredError"},"level":"error","message":"Error verifying token","service":"user-service","timestamp":"2025-01-02 13:38:37"}
{"error":{},"level":"error","message":"Error fetching user profile:","service":"user-service","timestamp":"2025-01-02 13:38:37"}
{"error":{"expiredAt":"2025-01-02T08:30:45.000Z","message":"jwt expired","name":"TokenExpiredError"},"level":"error","message":"Error verifying token","service":"user-service","timestamp":"2025-01-02 13:38:37"}
{"error":"Invalid or expired refresh token.","level":"error","message":"Error authenticating token","service":"user-service","timestamp":"2025-01-02 13:38:37"}
{"error":{"expiredAt":"2025-01-02T09:41:53.000Z","message":"jwt expired","name":"TokenExpiredError"},"level":"error","message":"Error verifying token","service":"user-service","timestamp":"2025-01-02 14:52:29"}
{"error":{},"level":"error","message":"Error fetching user profile:","service":"user-service","timestamp":"2025-01-02 14:52:30"}
{"error":{"expiredAt":"2025-01-02T09:41:53.000Z","message":"jwt expired","name":"TokenExpiredError"},"level":"error","message":"Error verifying token","service":"user-service","timestamp":"2025-01-02 14:52:30"}
{"error":"Invalid or expired refresh token.","level":"error","message":"Error authenticating token","service":"user-service","timestamp":"2025-01-02 14:52:30"}
{"error":{"expiredAt":"2025-01-02T10:19:49.000Z","message":"jwt expired","name":"TokenExpiredError"},"level":"error","message":"Error verifying token","service":"user-service","timestamp":"2025-01-02 15:29:50"}
{"error":{},"level":"error","message":"Error fetching user profile:","service":"user-service","timestamp":"2025-01-02 15:29:51"}
{"error":{"expiredAt":"2025-01-02T10:19:49.000Z","message":"jwt expired","name":"TokenExpiredError"},"level":"error","message":"Error verifying token","service":"user-service","timestamp":"2025-01-02 15:29:51"}
{"error":"Invalid or expired refresh token.","level":"error","message":"Error authenticating token","service":"user-service","timestamp":"2025-01-02 15:29:51"}
{"error":{"expiredAt":"2025-01-02T10:44:51.000Z","message":"jwt expired","name":"TokenExpiredError"},"level":"error","message":"Error verifying token","service":"user-service","timestamp":"2025-01-02 16:07:04"}
{"error":{},"level":"error","message":"Error fetching user profile:","service":"user-service","timestamp":"2025-01-02 16:07:05"}
{"error":{"expiredAt":"2025-01-02T10:44:51.000Z","message":"jwt expired","name":"TokenExpiredError"},"level":"error","message":"Error verifying token","service":"user-service","timestamp":"2025-01-02 16:07:05"}
{"error":"Invalid or expired refresh token.","level":"error","message":"Error authenticating token","service":"user-service","timestamp":"2025-01-02 16:07:05"}
{"error":{"expiredAt":"2025-01-02T12:06:55.000Z","message":"jwt expired","name":"TokenExpiredError"},"level":"error","message":"Error verifying token","service":"user-service","timestamp":"2025-01-02 18:00:03"}
{"error":{},"level":"error","message":"Error fetching user profile:","service":"user-service","timestamp":"2025-01-02 18:00:03"}
{"error":{"expiredAt":"2025-01-02T12:06:55.000Z","message":"jwt expired","name":"TokenExpiredError"},"level":"error","message":"Error verifying token","service":"user-service","timestamp":"2025-01-02 18:00:03"}
{"error":"Invalid or expired refresh token.","level":"error","message":"Error authenticating token","service":"user-service","timestamp":"2025-01-02 18:00:03"}
{"error":{"expiredAt":"2025-01-02T13:18:49.000Z","message":"jwt expired","name":"TokenExpiredError"},"level":"error","message":"Error verifying token","service":"user-service","timestamp":"2025-01-02 18:24:46"}
{"error":{},"level":"error","message":"Error fetching user profile:","service":"user-service","timestamp":"2025-01-02 18:24:47"}
{"error":{"expiredAt":"2025-01-02T13:18:49.000Z","message":"jwt expired","name":"TokenExpiredError"},"level":"error","message":"Error verifying token","service":"user-service","timestamp":"2025-01-02 18:24:47"}
{"error":"Invalid or expired refresh token.","level":"error","message":"Error authenticating token","service":"user-service","timestamp":"2025-01-02 18:24:47"}
{"error":{"expiredAt":"2025-01-02T13:53:20.000Z","message":"jwt expired","name":"TokenExpiredError"},"level":"error","message":"Error verifying token","service":"user-service","timestamp":"2025-01-02 18:55:33"}
{"error":{},"level":"error","message":"Error fetching user profile:","service":"user-service","timestamp":"2025-01-02 18:55:33"}
{"error":{"expiredAt":"2025-01-02T13:53:20.000Z","message":"jwt expired","name":"TokenExpiredError"},"level":"error","message":"Error verifying token","service":"user-service","timestamp":"2025-01-02 18:55:33"}
{"error":"Invalid or expired refresh token.","level":"error","message":"Error authenticating token","service":"user-service","timestamp":"2025-01-02 18:55:33"}
{"error":{"expiredAt":"2025-01-02T14:10:33.000Z","message":"jwt expired","name":"TokenExpiredError"},"level":"error","message":"Error verifying token","service":"user-service","timestamp":"2025-01-02 19:26:41"}
{"error":{},"level":"error","message":"Error fetching user profile:","service":"user-service","timestamp":"2025-01-02 19:26:41"}
{"error":{"expiredAt":"2025-01-02T14:10:33.000Z","message":"jwt expired","name":"TokenExpiredError"},"level":"error","message":"Error verifying token","service":"user-service","timestamp":"2025-01-02 19:26:41"}
{"error":"Invalid or expired refresh token.","level":"error","message":"Error authenticating token","service":"user-service","timestamp":"2025-01-02 19:26:41"}
{"error":{"expiredAt":"2025-01-02T14:41:41.000Z","message":"jwt expired","name":"TokenExpiredError"},"level":"error","message":"Error verifying token","service":"user-service","timestamp":"2025-01-02 20:36:49"}
{"error":{},"level":"error","message":"Error fetching user profile:","service":"user-service","timestamp":"2025-01-02 20:36:49"}
{"error":{"expiredAt":"2025-01-02T15:54:39.000Z","message":"jwt expired","name":"TokenExpiredError"},"level":"error","message":"Error verifying token","service":"user-service","timestamp":"2025-01-02 21:27:56"}
{"error":{},"level":"error","message":"Error fetching user profile:","service":"user-service","timestamp":"2025-01-02 21:27:56"}
{"error":{"expiredAt":"2025-01-02T16:42:56.000Z","message":"jwt expired","name":"TokenExpiredError"},"level":"error","message":"Error verifying token","service":"user-service","timestamp":"2025-01-03 08:46:11"}
{"error":{},"level":"error","message":"Error fetching user profile:","service":"user-service","timestamp":"2025-01-03 08:46:12"}
{"error":{"expiredAt":"2025-01-02T16:42:56.000Z","message":"jwt expired","name":"TokenExpiredError"},"level":"error","message":"Error verifying token","service":"user-service","timestamp":"2025-01-03 08:46:12"}
{"error":"Invalid or expired refresh token.","level":"error","message":"Error authenticating token","service":"user-service","timestamp":"2025-01-03 08:46:12"}
{"error":{"expiredAt":"2025-01-03T04:01:12.000Z","message":"jwt expired","name":"TokenExpiredError"},"level":"error","message":"Error verifying token","service":"user-service","timestamp":"2025-01-03 09:32:27"}
{"error":{},"level":"error","message":"Error fetching user profile:","service":"user-service","timestamp":"2025-01-03 09:32:27"}
{"error":{"expiredAt":"2025-01-01T12:25:52.000Z","message":"jwt expired","name":"TokenExpiredError"},"level":"error","message":"Error verifying token","service":"user-service","timestamp":"2025-01-03 10:09:16"}
{"error":"Invalid or expired refresh token.","level":"error","message":"Error processing authentication/authorization","service":"user-service","timestamp":"2025-01-03 10:09:17"}
{"error":{"expiredAt":"2025-01-03T04:47:27.000Z","message":"jwt expired","name":"TokenExpiredError"},"level":"error","message":"Error verifying token","service":"user-service","timestamp":"2025-01-03 10:09:59"}
{"error":{"expiredAt":"2025-01-03T04:47:27.000Z","message":"jwt expired","name":"TokenExpiredError"},"level":"error","message":"Error verifying token","service":"user-service","timestamp":"2025-01-03 10:10:00"}
{"error":"Invalid or expired refresh token.","level":"error","message":"Error processing authentication/authorization","service":"user-service","timestamp":"2025-01-03 10:10:00"}
{"level":"error","message":"Error fetching products:  Schema hasn't been registered for model \"Category\".\nUse mongoose.model(name, schema)","service":"user-service","stack":"MissingSchemaError: Schema hasn't been registered for model \"Category\".\nUse mongoose.model(name, schema)\n    at NativeConnection.model (D:\\Web\\dev\\TS\\nosha-ecom\\node_modules\\.pnpm\\mongoose@8.9.2_socks@2.8.3\\node_modules\\mongoose\\lib\\connection.js:1432:13)\n    at _getModelFromConn (D:\\Web\\dev\\TS\\nosha-ecom\\node_modules\\.pnpm\\mongoose@8.9.2_socks@2.8.3\\node_modules\\mongoose\\lib\\helpers\\populate\\getModelsMapForPopulate.js:595:15)\n    at addModelNamesToMap (D:\\Web\\dev\\TS\\nosha-ecom\\node_modules\\.pnpm\\mongoose@8.9.2_socks@2.8.3\\node_modules\\mongoose\\lib\\helpers\\populate\\getModelsMapForPopulate.js:523:17)\n    at getModelsMapForPopulate (D:\\Web\\dev\\TS\\nosha-ecom\\node_modules\\.pnpm\\mongoose@8.9.2_socks@2.8.3\\node_modules\\mongoose\\lib\\helpers\\populate\\getModelsMapForPopulate.js:216:7)\n    at _populatePath (D:\\Web\\dev\\TS\\nosha-ecom\\node_modules\\.pnpm\\mongoose@8.9.2_socks@2.8.3\\node_modules\\mongoose\\lib\\model.js:4295:21)\n    at Function.populate (D:\\Web\\dev\\TS\\nosha-ecom\\node_modules\\.pnpm\\mongoose@8.9.2_socks@2.8.3\\node_modules\\mongoose\\lib\\model.js:4263:19)\n    at model.Query._find (D:\\Web\\dev\\TS\\nosha-ecom\\node_modules\\.pnpm\\mongoose@8.9.2_socks@2.8.3\\node_modules\\mongoose\\lib\\query.js:2389:20)\n    at processTicksAndRejections (node:internal/process/task_queues:105:5)\n    at async model.Query.exec (D:\\Web\\dev\\TS\\nosha-ecom\\node_modules\\.pnpm\\mongoose@8.9.2_socks@2.8.3\\node_modules\\mongoose\\lib\\query.js:4438:63)\n    at async getProducts (D:\\Web\\dev\\TS\\nosha-ecom\\server\\src\\controllers\\product.ts:65:22)","timestamp":"2025-01-03 10:22:26"}
{"level":"error","message":"Error fetching products:  Schema hasn't been registered for model \"Category\".\nUse mongoose.model(name, schema)","service":"user-service","stack":"MissingSchemaError: Schema hasn't been registered for model \"Category\".\nUse mongoose.model(name, schema)\n    at NativeConnection.model (D:\\Web\\dev\\TS\\nosha-ecom\\node_modules\\.pnpm\\mongoose@8.9.2_socks@2.8.3\\node_modules\\mongoose\\lib\\connection.js:1432:13)\n    at _getModelFromConn (D:\\Web\\dev\\TS\\nosha-ecom\\node_modules\\.pnpm\\mongoose@8.9.2_socks@2.8.3\\node_modules\\mongoose\\lib\\helpers\\populate\\getModelsMapForPopulate.js:595:15)\n    at addModelNamesToMap (D:\\Web\\dev\\TS\\nosha-ecom\\node_modules\\.pnpm\\mongoose@8.9.2_socks@2.8.3\\node_modules\\mongoose\\lib\\helpers\\populate\\getModelsMapForPopulate.js:523:17)\n    at getModelsMapForPopulate (D:\\Web\\dev\\TS\\nosha-ecom\\node_modules\\.pnpm\\mongoose@8.9.2_socks@2.8.3\\node_modules\\mongoose\\lib\\helpers\\populate\\getModelsMapForPopulate.js:216:7)\n    at _populatePath (D:\\Web\\dev\\TS\\nosha-ecom\\node_modules\\.pnpm\\mongoose@8.9.2_socks@2.8.3\\node_modules\\mongoose\\lib\\model.js:4295:21)\n    at Function.populate (D:\\Web\\dev\\TS\\nosha-ecom\\node_modules\\.pnpm\\mongoose@8.9.2_socks@2.8.3\\node_modules\\mongoose\\lib\\model.js:4263:19)\n    at model.Query._find (D:\\Web\\dev\\TS\\nosha-ecom\\node_modules\\.pnpm\\mongoose@8.9.2_socks@2.8.3\\node_modules\\mongoose\\lib\\query.js:2389:20)\n    at processTicksAndRejections (node:internal/process/task_queues:105:5)\n    at async model.Query.exec (D:\\Web\\dev\\TS\\nosha-ecom\\node_modules\\.pnpm\\mongoose@8.9.2_socks@2.8.3\\node_modules\\mongoose\\lib\\query.js:4438:63)\n    at async getProducts (D:\\Web\\dev\\TS\\nosha-ecom\\server\\src\\controllers\\product.ts:65:22)","timestamp":"2025-01-03 11:16:02"}
{"level":"error","message":"Error fetching products:  Schema hasn't been registered for model \"Category\".\nUse mongoose.model(name, schema)","service":"user-service","stack":"MissingSchemaError: Schema hasn't been registered for model \"Category\".\nUse mongoose.model(name, schema)\n    at NativeConnection.model (D:\\Web\\dev\\TS\\nosha-ecom\\node_modules\\.pnpm\\mongoose@8.9.2_socks@2.8.3\\node_modules\\mongoose\\lib\\connection.js:1432:13)\n    at _getModelFromConn (D:\\Web\\dev\\TS\\nosha-ecom\\node_modules\\.pnpm\\mongoose@8.9.2_socks@2.8.3\\node_modules\\mongoose\\lib\\helpers\\populate\\getModelsMapForPopulate.js:595:15)\n    at addModelNamesToMap (D:\\Web\\dev\\TS\\nosha-ecom\\node_modules\\.pnpm\\mongoose@8.9.2_socks@2.8.3\\node_modules\\mongoose\\lib\\helpers\\populate\\getModelsMapForPopulate.js:523:17)\n    at getModelsMapForPopulate (D:\\Web\\dev\\TS\\nosha-ecom\\node_modules\\.pnpm\\mongoose@8.9.2_socks@2.8.3\\node_modules\\mongoose\\lib\\helpers\\populate\\getModelsMapForPopulate.js:216:7)\n    at _populatePath (D:\\Web\\dev\\TS\\nosha-ecom\\node_modules\\.pnpm\\mongoose@8.9.2_socks@2.8.3\\node_modules\\mongoose\\lib\\model.js:4295:21)\n    at Function.populate (D:\\Web\\dev\\TS\\nosha-ecom\\node_modules\\.pnpm\\mongoose@8.9.2_socks@2.8.3\\node_modules\\mongoose\\lib\\model.js:4263:19)\n    at model.Query._find (D:\\Web\\dev\\TS\\nosha-ecom\\node_modules\\.pnpm\\mongoose@8.9.2_socks@2.8.3\\node_modules\\mongoose\\lib\\query.js:2389:20)\n    at processTicksAndRejections (node:internal/process/task_queues:105:5)\n    at async model.Query.exec (D:\\Web\\dev\\TS\\nosha-ecom\\node_modules\\.pnpm\\mongoose@8.9.2_socks@2.8.3\\node_modules\\mongoose\\lib\\query.js:4438:63)\n    at async getProducts (D:\\Web\\dev\\TS\\nosha-ecom\\server\\src\\controllers\\product.ts:65:22)","timestamp":"2025-01-03 12:04:27"}
{"code":11000,"errorResponse":{"code":11000,"message":"E11000 duplicate key error collection: nosha-ecom.categories index: name_1 dup key: { name: \"Music\" }","writeErrors":[{"err":{"code":11000,"errmsg":"E11000 duplicate key error collection: nosha-ecom.categories index: name_1 dup key: { name: \"Music\" }","index":6,"op":{"__v":0,"_id":"67778f432222f2ef57fbc7d5","createdAt":"2025-01-03T07:18:27.039Z","desc":"New Pants model with 53 GB RAM, 825 GB storage, and rundown features","isActive":false,"name":"Music","updatedAt":"2025-01-03T07:18:27.039Z"}},"index":6}]},"insertedDocs":[{"__v":0,"_id":"67778f432222f2ef57fbc7cf","createdAt":"2025-01-03T07:18:27.038Z","desc":"Discover the bat-like agility of our Sausages, perfect for elegant users","isActive":true,"name":"Beauty","updatedAt":"2025-01-03T07:18:27.038Z"},{"__v":0,"_id":"67778f432222f2ef57fbc7d0","createdAt":"2025-01-03T07:18:27.039Z","desc":"Featuring Radium-enhanced technology, our Hat offers unparalleled insignificant performance","isActive":false,"name":"Music","updatedAt":"2025-01-03T07:18:27.039Z"},{"__v":0,"_id":"67778f432222f2ef57fbc7d1","createdAt":"2025-01-03T07:18:27.039Z","desc":"Our bee-friendly Chicken ensures happy-go-lucky comfort for your pets","isActive":false,"name":"Books","updatedAt":"2025-01-03T07:18:27.039Z"},{"__v":0,"_id":"67778f432222f2ef57fbc7d2","createdAt":"2025-01-03T07:18:27.039Z","desc":"Introducing the Poland-inspired Ball, blending sniveling style with local craftsmanship","isActive":true,"name":"Toys","updatedAt":"2025-01-03T07:18:27.039Z"},{"__v":0,"_id":"67778f432222f2ef57fbc7d3","createdAt":"2025-01-03T07:18:27.039Z","desc":"Kessler, Robel and Schmitt's most advanced Bacon technology increases pessimistic capabilities","isActive":false,"name":"Automotive","updatedAt":"2025-01-03T07:18:27.039Z"},{"__v":0,"_id":"67778f432222f2ef57fbc7d4","createdAt":"2025-01-03T07:18:27.039Z","desc":"The Rachael Chair is the latest in a series of obedient products from Collier - Dicki","isActive":false,"name":"Computers","updatedAt":"2025-01-03T07:18:27.039Z"}],"level":"error","message":"Error creating categories: E11000 duplicate key error collection: nosha-ecom.categories index: name_1 dup key: { name: \"Music\" }","result":{"deletedCount":0,"insertedCount":6,"insertedIds":{"0":"67778f432222f2ef57fbc7cf","1":"67778f432222f2ef57fbc7d0","2":"67778f432222f2ef57fbc7d1","3":"67778f432222f2ef57fbc7d2","4":"67778f432222f2ef57fbc7d3","5":"67778f432222f2ef57fbc7d4"},"matchedCount":0,"modifiedCount":0,"upsertedCount":0,"upsertedIds":{}},"service":"user-service","stack":"MongoBulkWriteError: E11000 duplicate key error collection: nosha-ecom.categories index: name_1 dup key: { name: \"Music\" }\n    at OrderedBulkOperation.handleWriteError (D:\\Web\\dev\\TS\\nosha-ecom\\node_modules\\.pnpm\\mongodb@6.12.0_socks@2.8.3\\node_modules\\mongodb\\src\\bulk\\common.ts:1227:13)\n    at executeCommands (D:\\Web\\dev\\TS\\nosha-ecom\\node_modules\\.pnpm\\mongodb@6.12.0_socks@2.8.3\\node_modules\\mongodb\\src\\bulk\\common.ts:590:19)\n    at processTicksAndRejections (node:internal/process/task_queues:105:5)\n    at async BulkWriteShimOperation.execute (D:\\Web\\dev\\TS\\nosha-ecom\\node_modules\\.pnpm\\mongodb@6.12.0_socks@2.8.3\\node_modules\\mongodb\\src\\bulk\\common.ts:885:12)\n    at async tryOperation (D:\\Web\\dev\\TS\\nosha-ecom\\node_modules\\.pnpm\\mongodb@6.12.0_socks@2.8.3\\node_modules\\mongodb\\src\\operations\\execute_operation.ts:278:14)\n    at async executeOperation (D:\\Web\\dev\\TS\\nosha-ecom\\node_modules\\.pnpm\\mongodb@6.12.0_socks@2.8.3\\node_modules\\mongodb\\src\\operations\\execute_operation.ts:112:12)\n    at async OrderedBulkOperation.execute (D:\\Web\\dev\\TS\\nosha-ecom\\node_modules\\.pnpm\\mongodb@6.12.0_socks@2.8.3\\node_modules\\mongodb\\src\\bulk\\common.ts:1214:12)\n    at async BulkWriteOperation.execute (D:\\Web\\dev\\TS\\nosha-ecom\\node_modules\\.pnpm\\mongodb@6.12.0_socks@2.8.3\\node_modules\\mongodb\\src\\operations\\bulk_write.ts:60:12)\n    at async InsertManyOperation.execute (D:\\Web\\dev\\TS\\nosha-ecom\\node_modules\\.pnpm\\mongodb@6.12.0_socks@2.8.3\\node_modules\\mongodb\\src\\operations\\insert.ts:147:19)\n    at async tryOperation (D:\\Web\\dev\\TS\\nosha-ecom\\node_modules\\.pnpm\\mongodb@6.12.0_socks@2.8.3\\node_modules\\mongodb\\src\\operations\\execute_operation.ts:278:14)","timestamp":"2025-01-03 12:18:27","writeErrors":[{"err":{"code":11000,"errmsg":"E11000 duplicate key error collection: nosha-ecom.categories index: name_1 dup key: { name: \"Music\" }","index":6,"op":{"__v":0,"_id":"67778f432222f2ef57fbc7d5","createdAt":"2025-01-03T07:18:27.039Z","desc":"New Pants model with 53 GB RAM, 825 GB storage, and rundown features","isActive":false,"name":"Music","updatedAt":"2025-01-03T07:18:27.039Z"}},"index":6}]}
{"_message":"Product validation failed","errors":{"brand":{"kind":"required","message":"Path `brand` is required.","name":"ValidatorError","path":"brand","properties":{"message":"Path `brand` is required.","path":"brand","type":"required"}},"sku":{"kind":"required","message":"Path `sku` is required.","name":"ValidatorError","path":"sku","properties":{"message":"Path `sku` is required.","path":"sku","type":"required"}}},"level":"error","message":"Error creating products: Product validation failed: sku: Path `sku` is required., brand: Path `brand` is required.","service":"user-service","stack":"ValidationError: Product validation failed: sku: Path `sku` is required., brand: Path `brand` is required.\n    at model.Document.invalidate (D:\\Web\\dev\\TS\\nosha-ecom\\node_modules\\.pnpm\\mongoose@8.9.2_socks@2.8.3\\node_modules\\mongoose\\lib\\document.js:3331:32)\n    at D:\\Web\\dev\\TS\\nosha-ecom\\node_modules\\.pnpm\\mongoose@8.9.2_socks@2.8.3\\node_modules\\mongoose\\lib\\document.js:3092:17\n    at D:\\Web\\dev\\TS\\nosha-ecom\\node_modules\\.pnpm\\mongoose@8.9.2_socks@2.8.3\\node_modules\\mongoose\\lib\\schemaType.js:1407:9\n    at processTicksAndRejections (node:internal/process/task_queues:85:11)","timestamp":"2025-01-03 12:21:35"}
{"error":{"expiredAt":"2025-01-03T05:25:18.000Z","message":"jwt expired","name":"TokenExpiredError"},"level":"error","message":"Error verifying token","service":"user-service","timestamp":"2025-01-03 19:17:16"}
{"error":"Invalid or expired refresh token.","level":"error","message":"Error processing authentication/authorization","service":"user-service","timestamp":"2025-01-03 19:17:16"}
{"error":{"expiredAt":"2025-01-03T05:25:18.000Z","message":"jwt expired","name":"TokenExpiredError"},"level":"error","message":"Error verifying token","service":"user-service","timestamp":"2025-01-03 19:19:52"}
{"error":"Invalid or expired refresh token.","level":"error","message":"Error processing authentication/authorization","service":"user-service","timestamp":"2025-01-03 19:19:52"}
{"error":{"expiredAt":"2025-01-03T14:35:43.000Z","message":"jwt expired","name":"TokenExpiredError"},"level":"error","message":"Error verifying token","service":"user-service","timestamp":"2025-01-03 21:48:48"}
{"error":{"expiredAt":"2025-01-03T17:03:48.000Z","message":"jwt expired","name":"TokenExpiredError"},"level":"error","message":"Error verifying token","service":"user-service","timestamp":"2025-01-04 09:35:19"}
{"error":{"expiredAt":"2025-01-04T04:50:19.000Z","message":"jwt expired","name":"TokenExpiredError"},"level":"error","message":"Error verifying token","service":"user-service","timestamp":"2025-01-04 14:35:51"}
{"error":{"expiredAt":"2025-01-04T09:50:51.000Z","message":"jwt expired","name":"TokenExpiredError"},"level":"error","message":"Error verifying token","service":"user-service","timestamp":"2025-01-04 15:04:49"}
{"error":{"expiredAt":"2025-01-04T10:19:49.000Z","message":"jwt expired","name":"TokenExpiredError"},"level":"error","message":"Error verifying token","service":"user-service","timestamp":"2025-01-04 15:31:41"}
